2023-12-19 18:14:33 INFO  GuardarOperacionesApplication:15 - GuardarOperacionesApplication.class-1
2023-12-19 18:16:41 INFO  GuardarOperacionesApplication:15 - GuardarOperacionesApplication.class-1
2023-12-19 18:17:49 INFO  GuardarOperacionesController:28 - pasando por controller
2023-12-19 18:20:27 INFO  GuardarOperacionesApplication:15 - GuardarOperacionesApplication.class-1
2023-12-19 18:22:27 INFO  GuardarOperacionesController:28 - pasando por controller
2023-12-19 18:22:27 INFO  GuardarOperacionesServiceImpl:28 - GuardarOperacionesServiceImpl.class
2023-12-19 18:44:01 INFO  GuardarOperacionesApplication:15 - GuardarOperacionesApplication.class-1
2023-12-19 18:45:02 INFO  GuardarOperacionesController:28 - pasando por controller
2023-12-19 18:45:02 INFO  GuardarOperacionesServiceImpl:28 - GuardarOperacionesServiceImpl.class
2023-12-19 18:45:02 INFO  ServiceSaldoExtraer:30 - getRetrofitInstance.class
2023-12-19 18:45:02 INFO  ServiceSaldoExtraer:41 - extraerSaldo
2023-12-19 18:50:45 INFO  GuardarOperacionesApplication:15 - GuardarOperacionesApplication.class-1
2023-12-19 18:51:39 INFO  GuardarOperacionesApplication:15 - GuardarOperacionesApplication.class-1
2023-12-19 18:52:46 INFO  GuardarOperacionesController:28 - pasando por controller
2023-12-19 18:52:46 INFO  GuardarOperacionesServiceImpl:28 - GuardarOperacionesServiceImpl.class
2023-12-19 18:52:46 INFO  ServiceSaldoExtraer:30 - getRetrofitInstance.class
2023-12-19 18:52:46 INFO  ServiceSaldoExtraer:41 - extraerSaldo {}
2023-12-19 18:52:46 INFO  GuardarOperacionesServiceImpl:41 - validarSaldoResponse.class
2023-12-19 19:03:21 INFO  GuardarOperacionesController:28 - pasando por controller
2023-12-19 19:03:21 INFO  GuardarOperacionesServiceImpl:28 - GuardarOperacionesServiceImpl.class
2023-12-19 19:03:21 INFO  ServiceSaldoExtraer:30 - getRetrofitInstance.class
2023-12-19 19:03:21 INFO  ServiceSaldoExtraer:41 - extraerSaldo {}
2023-12-19 19:03:21 INFO  GuardarOperacionesServiceImpl:41 - validarSaldoResponse.class
2023-12-19 19:15:48 INFO  GuardarOperacionesApplication:15 - GuardarOperacionesApplication.class-1
2023-12-19 19:16:43 INFO  GuardarOperacionesController:28 - pasando por controller
2023-12-19 19:16:43 INFO  GuardarOperacionesServiceImpl:28 - GuardarOperacionesServiceImpl.class
2023-12-19 19:16:43 INFO  ServiceSaldoExtraer:30 - getRetrofitInstance.class
2023-12-19 19:16:43 INFO  ServiceSaldoExtraer:41 - extraerSaldo {}
2023-12-19 19:16:43 INFO  GuardarOperacionesServiceImpl:41 - validarSaldoResponse.class: StatusResponse(code=null, description=null, detail=null)
2023-12-19 19:25:45 INFO  GuardarOperacionesController:28 - pasando por controller
2023-12-19 19:25:45 INFO  GuardarOperacionesServiceImpl:28 - GuardarOperacionesServiceImpl.class
2023-12-19 19:25:45 INFO  ServiceSaldoExtraer:30 - getRetrofitInstance.class
2023-12-19 19:25:45 INFO  ServiceSaldoExtraer:41 - extraerSaldo {}
2023-12-19 19:25:45 INFO  GuardarOperacionesServiceImpl:41 - validarSaldoResponse.class: StatusResponse(code=200, description=OK, detail=SaldoDto(id=658129cb39a9595f831a22e1, producto=65758cbfd2438055b93131dc, cliente=65741b82b487c743ccbd0469, titular=3, firmante=1, saldo=0))
2023-12-19 19:25:45 INFO  GuardarOperacionesServiceImpl:47 - validarRespuestaProducto.class
2023-12-19 19:26:56 INFO  GuardarOperacionesApplication:15 - GuardarOperacionesApplication.class-1
2023-12-19 19:28:37 INFO  GuardarOperacionesController:28 - pasando por controller
2023-12-19 19:28:37 INFO  GuardarOperacionesServiceImpl:28 - GuardarOperacionesServiceImpl.class
2023-12-19 19:28:37 INFO  ServiceSaldoExtraer:30 - getRetrofitInstance.class
2023-12-19 19:28:37 INFO  ServiceSaldoExtraer:41 - extraerSaldo {}
2023-12-19 19:28:38 INFO  GuardarOperacionesServiceImpl:41 - validarSaldoResponse.class: StatusResponse(code=200, description=OK, detail=SaldoDto(id=658129cb39a9595f831a22e1, producto=65758cbfd2438055b93131dc, cliente=65741b82b487c743ccbd0469, titular=3, firmante=1, saldo=0))
2023-12-19 19:28:38 INFO  GuardarOperacionesServiceImpl:47 - validarRespuestaProducto.classDataTransfer(saldoDtoResponse=SaldoDto(id=658129cb39a9595f831a22e1, producto=65758cbfd2438055b93131dc, cliente=65741b82b487c743ccbd0469, titular=3, firmante=1, saldo=0), productDtoResponse=ProductDto(id=65758cbfd2438055b93131dc, idDeProducto=CA001, comision=null, tipoDeCuenta=cuenta bancaria, claseDeCuenta=ahorro, limitMaxDepositoMensual=30, limitMaxRetiroMensual=30, limitMaxPagoMensual=null, limitMaxCredito=null))
2023-12-19 19:39:34 INFO  GuardarOperacionesApplication:15 - GuardarOperacionesApplication.class-1
2023-12-19 19:41:42 INFO  GuardarOperacionesController:28 - pasando por controller
2023-12-19 19:41:42 INFO  GuardarOperacionesServiceImpl:28 - GuardarOperacionesServiceImpl.class
2023-12-19 19:41:42 INFO  ServiceSaldoExtraer:30 - getRetrofitInstance.class
2023-12-19 19:41:42 INFO  ServiceSaldoExtraer:41 - extraerSaldo {}
2023-12-19 19:41:42 INFO  GuardarOperacionesServiceImpl:41 - validarSaldoResponse.class: StatusResponse(code=200, description=OK, detail=SaldoDto(id=658129cb39a9595f831a22e1, producto=65758cbfd2438055b93131dc, cliente=65741b82b487c743ccbd0469, titular=3, firmante=1, saldo=0))
2023-12-19 19:41:42 INFO  GuardarOperacionesServiceImpl:47 - validarRespuestaProducto.classDataTransfer(saldoDtoResponse=SaldoDto(id=658129cb39a9595f831a22e1, producto=65758cbfd2438055b93131dc, cliente=65741b82b487c743ccbd0469, titular=3, firmante=1, saldo=0), productDtoResponse=ProductDto(id=65758cbfd2438055b93131dc, idDeProducto=CA001, comision=null, tipoDeCuenta=cuenta bancaria, claseDeCuenta=ahorro, limitMaxDepositoMensual=30, limitMaxRetiroMensual=30, limitMaxPagoMensual=null, limitMaxCredito=null))
2023-12-19 19:41:42 INFO  GuardarOperacionesServiceImpl:53 - metodoGrabar2
2023-12-19 20:04:06 INFO  GuardarOperacionesApplication:15 - GuardarOperacionesApplication.class-1
2023-12-19 20:06:42 INFO  GuardarOperacionesController:28 - pasando por controller
2023-12-19 20:06:42 INFO  GuardarOperacionesServiceImpl:28 - GuardarOperacionesServiceImpl.class
2023-12-19 20:06:42 INFO  ServiceSaldoExtraer:30 - getRetrofitInstance.class
2023-12-19 20:06:42 INFO  ServiceSaldoExtraer:41 - extraerSaldo {}
2023-12-19 20:06:42 INFO  GuardarOperacionesServiceImpl:41 - validarSaldoResponse.class: StatusResponse(code=200, description=OK, detail=SaldoDto(id=658129cb39a9595f831a22e1, producto=65758cbfd2438055b93131dc, cliente=65741b82b487c743ccbd0469, titular=3, firmante=1, saldo=0))
2023-12-19 20:06:42 INFO  GuardarOperacionesServiceImpl:47 - validarRespuestaProducto.classDataTransfer(saldoDtoResponse=SaldoDto(id=658129cb39a9595f831a22e1, producto=65758cbfd2438055b93131dc, cliente=65741b82b487c743ccbd0469, titular=3, firmante=1, saldo=0), productDtoResponse=ProductDto(id=65758cbfd2438055b93131dc, idDeProducto=CA001, comision=null, tipoDeCuenta=cuenta bancaria, claseDeCuenta=ahorro, limitMaxDepositoMensual=30, limitMaxRetiroMensual=30, limitMaxPagoMensual=null, limitMaxCredito=null))
2023-12-19 20:06:42 INFO  GuardarOperacionesServiceImpl:53 - metodoGrabar2
2023-12-19 20:07:19 INFO  GuardarOperacionesController:28 - pasando por controller
2023-12-19 20:07:19 INFO  GuardarOperacionesServiceImpl:28 - GuardarOperacionesServiceImpl.class
2023-12-19 20:07:19 INFO  ServiceSaldoExtraer:30 - getRetrofitInstance.class
2023-12-19 20:07:19 INFO  ServiceSaldoExtraer:41 - extraerSaldo {}
2023-12-19 20:07:19 INFO  GuardarOperacionesServiceImpl:41 - validarSaldoResponse.class: StatusResponse(code=200, description=OK, detail=SaldoDto(id=658129cb39a9595f831a22e1, producto=65758cbfd2438055b93131dc, cliente=65741b82b487c743ccbd0469, titular=3, firmante=1, saldo=3))
2023-12-19 20:07:19 INFO  GuardarOperacionesServiceImpl:47 - validarRespuestaProducto.classDataTransfer(saldoDtoResponse=SaldoDto(id=658129cb39a9595f831a22e1, producto=65758cbfd2438055b93131dc, cliente=65741b82b487c743ccbd0469, titular=3, firmante=1, saldo=3), productDtoResponse=ProductDto(id=65758cbfd2438055b93131dc, idDeProducto=CA001, comision=null, tipoDeCuenta=cuenta bancaria, claseDeCuenta=ahorro, limitMaxDepositoMensual=30, limitMaxRetiroMensual=30, limitMaxPagoMensual=null, limitMaxCredito=null))
2023-12-19 20:07:19 INFO  GuardarOperacionesServiceImpl:53 - metodoGrabar2
2023-12-19 20:54:09 INFO  GuardarOperacionesApplication:15 - GuardarOperacionesApplication.class-1
2023-12-19 20:55:00 INFO  GuardarOperacionesApplication:15 - GuardarOperacionesApplication.class-1
2023-12-19 20:56:19 INFO  GuardarOperacionesController:28 - pasando por controller
2023-12-19 20:56:19 INFO  GuardarOperacionesServiceImpl:29 - GuardarOperacionesServiceImpl.class
2023-12-19 20:56:19 INFO  ServiceSaldoExtraer:30 - getRetrofitInstance.class
2023-12-19 20:56:20 INFO  ServiceSaldoExtraer:41 - extraerSaldo {}
2023-12-19 20:56:20 INFO  GuardarOperacionesServiceImpl:42 - validarSaldoResponse.class: StatusResponse(code=200, description=OK, detail=SaldoDto(id=658129cb39a9595f831a22e1, producto=65758cbfd2438055b93131dc, cliente=65741b82b487c743ccbd0469, titular=3, firmante=1, saldo=1))
2023-12-19 20:56:20 INFO  GuardarOperacionesServiceImpl:48 - validarRespuestaProducto.classDataTransfer(saldoDtoResponse=SaldoDto(id=658129cb39a9595f831a22e1, producto=65758cbfd2438055b93131dc, cliente=65741b82b487c743ccbd0469, titular=3, firmante=1, saldo=1), productDtoResponse=ProductDto(id=65758cbfd2438055b93131dc, idDeProducto=CA001, comision=null, tipoDeCuenta=cuenta bancaria, claseDeCuenta=ahorro, limitMaxDepositoMensual=30, limitMaxRetiroMensual=30, limitMaxPagoMensual=null, limitMaxCredito=null))
2023-12-19 20:56:20 INFO  GuardarOperacionesServiceImpl:54 - metodoGrabar2
2023-12-19 21:01:31 INFO  GuardarOperacionesApplication:15 - GuardarOperacionesApplication.class-1
2023-12-19 21:02:08 INFO  GuardarOperacionesController:28 - pasando por controller
2023-12-19 21:02:08 INFO  GuardarOperacionesServiceImpl:29 - GuardarOperacionesServiceImpl.class
2023-12-19 21:02:08 INFO  ServiceSaldoExtraer:30 - getRetrofitInstance.class
2023-12-19 21:02:09 INFO  ServiceSaldoExtraer:41 - extraerSaldo {}
2023-12-19 21:02:09 INFO  GuardarOperacionesServiceImpl:42 - validarSaldoResponse.class: StatusResponse(code=200, description=OK, detail=SaldoDto(id=658129cb39a9595f831a22e1, producto=65758cbfd2438055b93131dc, cliente=65741b82b487c743ccbd0469, titular=3, firmante=1, saldo=6))
2023-12-19 21:02:09 INFO  GuardarOperacionesServiceImpl:48 - validarRespuestaProducto.classDataTransfer(saldoDtoResponse=SaldoDto(id=658129cb39a9595f831a22e1, producto=65758cbfd2438055b93131dc, cliente=65741b82b487c743ccbd0469, titular=3, firmante=1, saldo=6), productDtoResponse=ProductDto(id=65758cbfd2438055b93131dc, idDeProducto=CA001, comision=null, tipoDeCuenta=cuenta bancaria, claseDeCuenta=ahorro, limitMaxDepositoMensual=30, limitMaxRetiroMensual=30, limitMaxPagoMensual=null, limitMaxCredito=null))
2023-12-19 21:02:09 INFO  GuardarOperacionesServiceImpl:54 - metodoGrabar2
2023-12-22 09:59:58 INFO  GuardarOperacionesApplication:15 - GuardarOperacionesApplication.class-1
